
> cafe@0.1.0 start
> react-scripts start

node.exe : [baseline-br
owser-mapping] The 
data in this module is 
over two months old.  
To ensure accurate 
Baseline data, please 
update: `npm i baseline
-browser-mapping@latest
 -D`
At C:\nvm4w\nodejs\npm.
ps1:29 char:3
+   & $NODE_EXE 
$NPM_CLI_JS $args
+   ~~~~~~~~~~~~~~~~~~~
~~~~~~~~~~
    + CategoryInfo     
         : 
NotSpecified: ([ba    
seline-brows...ping@la 
   test -D`:String) 
[], R    emoteException
    + 
FullyQualifiedErrorI   
 d : NativeCommandError
 
(node:9704) [DEP_WEBPAC
K_DEV_SERVER_ON_AFTER_S
ETUP_MIDDLEWARE] 
DeprecationWarning: 'on
AfterSetupMiddleware' 
option is deprecated. 
Please use the 
'setupMiddlewares' 
option.
(Use `node 
--trace-deprecation 
...` to show where the 
warning was created)
(node:9704) [DEP_WEBPAC
K_DEV_SERVER_ON_BEFORE_
SETUP_MIDDLEWARE] 
DeprecationWarning: 'on
BeforeSetupMiddleware' 
option is deprecated. 
Please use the 
'setupMiddlewares' 
option.
Starting the development server...

Compiled with warnings.

[eslint] 
src\Pages\Cashier\CashClosing.jsx
  Line 21:6:  React Hook useEffect has a missing dependency: 'loadReport'. Either include it or remove the dependency array  react-hooks/exhaustive-deps

src\Pages\Manager\Settings.jsx
  Line 2:123:  'FaMoneyBillWave' is defined but never used  no-unused-vars
  Line 2:140:  'FaArrowUp' is defined but never used        no-unused-vars
  Line 2:151:  'FaArrowDown' is defined but never used      no-unused-vars
  Line 2:164:  'FaHistory' is defined but never used        no-unused-vars

Search for the keywords to learn more about each warning.
To ignore, add // eslint-disable-next-line to the line before.

[1m[33mWARNING[39m[22m in [1m[eslint] 
src\Pages\Cashier\CashClosing.jsx
  Line 21:6:  React Hook useEffect has a missing dependency: 'loadReport'. Either include it or remove the dependency array  react-hooks/exhaustive-deps

src\Pages\Manager\Settings.jsx
  Line 2:123:  'FaMoneyBillWave' is defined but never used  no-unused-vars
  Line 2:140:  'FaArrowUp' is defined but never used        no-unused-vars
  Line 2:151:  'FaArrowDown' is defined but never used      no-unused-vars
  Line 2:164:  'FaHistory' is defined but never used        no-unused-vars

[39m[22m

webpack compiled with [1m[33m1 warning[39m[22m
^C
